[     101ms] [INFO] %cDownload the React DevTools for a better development experience: https://react.dev/link/react-devtools font-weight:bold @ http://localhost:3000/_next/static/chunks/node_modules_next_dist_1ybzpk2._.js:2477
[     136ms] [LOG] [HMR] connected @ http://localhost:3000/_next/static/chunks/node_modules_next_dist_1ybzpk2._.js:2477
[   76537ms] [LOG] [Fast Refresh] rebuilding @ http://localhost:3000/_next/static/chunks/node_modules_next_dist_1ybzpk2._.js:2477
[   76565ms] [LOG] [Fast Refresh] done in 9ms @ http://localhost:3000/_next/static/chunks/node_modules_next_dist_1ybzpk2._.js:2477
[  267112ms] [LOG] [Fast Refresh] rebuilding @ http://localhost:3000/_next/static/chunks/node_modules_next_dist_1ybzpk2._.js:2477
[  267140ms] [LOG] [Fast Refresh] done in 8ms @ http://localhost:3000/_next/static/chunks/node_modules_next_dist_1ybzpk2._.js:2477
[  517242ms] [LOG] [Fast Refresh] rebuilding @ http://localhost:3000/_next/static/chunks/node_modules_next_dist_1ybzpk2._.js:2477
[  517271ms] [LOG] [Fast Refresh] done in 7ms @ http://localhost:3000/_next/static/chunks/node_modules_next_dist_1ybzpk2._.js:2477
[  551530ms] [ERROR] WebSocket connection to 'ws://localhost:3000/_next/webpack-hmr?id=OT5muVNSDiDvYEjmzJ5Vl' failed: Error in connection establishment: net::ERR_CONNECTION_REFUSED @ http://localhost:3000/_next/static/chunks/node_modules_next_dist_client_0r5nbpw._.js:13422
[  552531ms] [ERROR] WebSocket connection to 'ws://localhost:3000/_next/webpack-hmr?id=OT5muVNSDiDvYEjmzJ5Vl' failed: Error in connection establishment: net::ERR_CONNECTION_REFUSED @ http://localhost:3000/_next/static/chunks/node_modules_next_dist_client_0r5nbpw._.js:13422
[  553537ms] [ERROR] WebSocket connection to 'ws://localhost:3000/_next/webpack-hmr?id=OT5muVNSDiDvYEjmzJ5Vl' failed: Error in connection establishment: net::ERR_CONNECTION_REFUSED @ http://localhost:3000/_next/static/chunks/node_modules_next_dist_client_0r5nbpw._.js:13422
[  554541ms] [ERROR] WebSocket connection to 'ws://localhost:3000/_next/webpack-hmr?id=OT5muVNSDiDvYEjmzJ5Vl' failed: Error in connection establishment: net::ERR_CONNECTION_REFUSED @ http://localhost:3000/_next/static/chunks/node_modules_next_dist_client_0r5nbpw._.js:13422
[  555545ms] [ERROR] WebSocket connection to 'ws://localhost:3000/_next/webpack-hmr?id=OT5muVNSDiDvYEjmzJ5Vl' failed: Error in connection establishment: net::ERR_CONNECTION_REFUSED @ http://localhost:3000/_next/static/chunks/node_modules_next_dist_client_0r5nbpw._.js:13422
[  560557ms] [LOG] [HMR] connected @ http://localhost:3000/_next/static/chunks/node_modules_next_dist_1ybzpk2._.js:2477
[  560628ms] [INFO] %cDownload the React DevTools for a better development experience: https://react.dev/link/react-devtools font-weight:bold @ http://localhost:3000/_next/static/chunks/node_modules_next_dist_1ybzpk2._.js:2477
[  560637ms] [LOG] [HMR] connected @ http://localhost:3000/_next/static/chunks/node_modules_next_dist_1ybzpk2._.js:2477
[  695037ms] [LOG] [Fast Refresh] rebuilding @ http://localhost:3000/_next/static/chunks/node_modules_next_dist_1ybzpk2._.js:2477
[  695065ms] [LOG] [Fast Refresh] done in 75ms @ http://localhost:3000/_next/static/chunks/node_modules_next_dist_1ybzpk2._.js:2477
[ 1137730ms] [LOG] [Fast Refresh] rebuilding @ http://localhost:3000/_next/static/chunks/node_modules_next_dist_1ybzpk2._.js:2477
[ 1137776ms] [LOG] [Fast Refresh] done in 51ms @ http://localhost:3000/_next/static/chunks/node_modules_next_dist_1ybzpk2._.js:2477
[ 1322173ms] [ERROR] WebSocket connection to 'ws://localhost:3000/_next/webpack-hmr?id=EXsuIaKcFpuQUo9FW1iCN' failed: Error in connection establishment: net::ERR_CONNECTION_REFUSED @ http://localhost:3000/_next/static/chunks/node_modules_next_dist_client_0r5nbpw._.js:13422
[ 1323175ms] [ERROR] WebSocket connection to 'ws://localhost:3000/_next/webpack-hmr?id=EXsuIaKcFpuQUo9FW1iCN' failed: Error in connection establishment: net::ERR_CONNECTION_REFUSED @ http://localhost:3000/_next/static/chunks/node_modules_next_dist_client_0r5nbpw._.js:13422
[ 1324178ms] [ERROR] WebSocket connection to 'ws://localhost:3000/_next/webpack-hmr?id=EXsuIaKcFpuQUo9FW1iCN' failed: Error in connection establishment: net::ERR_CONNECTION_REFUSED @ http://localhost:3000/_next/static/chunks/node_modules_next_dist_client_0r5nbpw._.js:13422
[ 1325180ms] [ERROR] WebSocket connection to 'ws://localhost:3000/_next/webpack-hmr?id=EXsuIaKcFpuQUo9FW1iCN' failed: Error in connection establishment: net::ERR_CONNECTION_REFUSED @ http://localhost:3000/_next/static/chunks/node_modules_next_dist_client_0r5nbpw._.js:13422
[ 1326185ms] [ERROR] WebSocket connection to 'ws://localhost:3000/_next/webpack-hmr?id=EXsuIaKcFpuQUo9FW1iCN' failed: Error in connection establishment: net::ERR_CONNECTION_REFUSED @ http://localhost:3000/_next/static/chunks/node_modules_next_dist_client_0r5nbpw._.js:13422
[ 1331193ms] [ERROR] WebSocket connection to 'ws://localhost:3000/_next/webpack-hmr?id=EXsuIaKcFpuQUo9FW1iCN' failed: Error in connection establishment: net::ERR_CONNECTION_REFUSED @ http://localhost:3000/_next/static/chunks/node_modules_next_dist_client_0r5nbpw._.js:13422
[ 1336199ms] [ERROR] WebSocket connection to 'ws://localhost:3000/_next/webpack-hmr?id=EXsuIaKcFpuQUo9FW1iCN' failed: Error in connection establishment: net::ERR_CONNECTION_REFUSED @ http://localhost:3000/_next/static/chunks/node_modules_next_dist_client_0r5nbpw._.js:13422
[ 1341222ms] [ERROR] WebSocket connection to 'ws://localhost:3000/_next/webpack-hmr?id=EXsuIaKcFpuQUo9FW1iCN' failed: Error in connection establishment: net::ERR_CONNECTION_REFUSED @ http://localhost:3000/_next/static/chunks/node_modules_next_dist_client_0r5nbpw._.js:13422
[ 1346266ms] [ERROR] WebSocket connection to 'ws://localhost:3000/_next/webpack-hmr?id=EXsuIaKcFpuQUo9FW1iCN' failed: Error in connection establishment: net::ERR_CONNECTION_REFUSED @ http://localhost:3000/_next/static/chunks/node_modules_next_dist_client_0r5nbpw._.js:13422
[ 1351337ms] [ERROR] WebSocket connection to 'ws://localhost:3000/_next/webpack-hmr?id=EXsuIaKcFpuQUo9FW1iCN' failed: Error in connection establishment: net::ERR_CONNECTION_REFUSED @ http://localhost:3000/_next/static/chunks/node_modules_next_dist_client_0r5nbpw._.js:13422
[ 1356432ms] [ERROR] WebSocket connection to 'ws://localhost:3000/_next/webpack-hmr?id=EXsuIaKcFpuQUo9FW1iCN' failed: Error in connection establishment: net::ERR_CONNECTION_REFUSED @ http://localhost:3000/_next/static/chunks/node_modules_next_dist_client_0r5nbpw._.js:13422
[ 1361702ms] [ERROR] WebSocket connection to 'ws://localhost:3000/_next/webpack-hmr?id=EXsuIaKcFpuQUo9FW1iCN' failed: Error in connection establishment: net::ERR_CONNECTION_REFUSED @ http://localhost:3000/_next/static/chunks/node_modules_next_dist_client_0r5nbpw._.js:13422
